<?xml version="1.0" encoding="UTF-8" ?>
<testsuite tests="48" failures="1" name="TestSuite" time="621.97" errors="0" skipped="0">
  <properties>
[...]
</properties>
  <testcase classname="testSuits.authTestSuit.LoginTest" name="loginWithCorrectData" time="21.223"/>
  <testcase classname="testSuits.authTestSuit.LoginTest" name="loginWithIncorrectPassword" time="9.62"/>
  <testcase classname="testSuits.authTestSuit.RegistrationTest" name="registerWithEmailInvalid" time="27.877"/>
  <testcase classname="testSuits.authTestSuit.RegistrationTest" name="registerWithEmailInvalid" time="13.406"/>
  <testcase classname="testSuits.authTestSuit.RegistrationTest" name="registerWithEmailInvalid" time="15.545"/>
  <testcase classname="testSuits.authTestSuit.RegistrationTest" name="registerWithEmailInvalid" time="12.247"/>
  <testcase classname="testSuits.authTestSuit.RegistrationTest" name="registerWithFirthNameInvalid" time="13.625"/>
  <testcase classname="testSuits.authTestSuit.RegistrationTest" name="registerWithFirthNameInvalid" time="12.597"/>
  <testcase classname="testSuits.authTestSuit.RegistrationTest" name="registerWithFirthNameInvalid" time="13.305"/>
  <testcase classname="testSuits.authTestSuit.RegistrationTest" name="registerWithFirthNameInvalid" time="12.326"/>
  <testcase classname="testSuits.authTestSuit.RegistrationTest" name="registerWithLastNameInvalid" time="12.044"/>
  <testcase classname="testSuits.authTestSuit.RegistrationTest" name="registerWithLastNameInvalid" time="13.804"/>
  <testcase classname="testSuits.authTestSuit.RegistrationTest" name="registerWithLastNameInvalid" time="12.453"/>
  <testcase classname="testSuits.authTestSuit.RegistrationTest" name="registerWithLastNameInvalid" time="12.037"/>
  <testcase classname="testSuits.authTestSuit.RegistrationTest" name="registerWithPasswordInvalid" time="12.221"/>
  <testcase classname="testSuits.authTestSuit.RegistrationTest" name="registerWithPasswordInvalid" time="11.766"/>
  <testcase classname="testSuits.authTestSuit.RegistrationTest" name="registerWithPasswordInvalid" time="11.672"/>
  <testcase classname="testSuits.authTestSuit.RegistrationTest" name="registerWithPasswordInvalid" time="10.874"/>
  <testcase classname="testSuits.authTestSuit.RegistrationTest" name="registerWithPhoneNumberInvalid" time="10.589"/>
  <testcase classname="testSuits.authTestSuit.RegistrationTest" name="registerWithPhoneNumberInvalid" time="11.169"/>
  <testcase classname="testSuits.authTestSuit.RegistrationTest" name="registerWithPhoneNumberInvalid" time="10.246"/>
  <testcase classname="testSuits.authTestSuit.RegistrationTest" name="registerWithPhoneNumberInvalid" time="10.344"/>
  <testcase classname="testSuits.authTestSuit.RegistrationTest" name="registerWithValidData" time="9.791"/>
  <testcase classname="testSuits.authTestSuit.RegistrationTest" name="registerWithValidData" time="9.435"/>
  <testcase classname="testSuits.authTestSuit.RegistrationTest" name="registerWithValidData" time="11.618"/>
  <testcase classname="testSuits.authTestSuit.RegistrationTest" name="registerWithValidData" time="10.011"/>
  <testcase classname="testSuits.searchTestSuit.SearchTest" name="checkCountResults" time="13.859"/>
  <testcase classname="testSuits.searchTestSuit.SearchTest" name="checkCountResults" time="6.038"/>
  <testcase classname="testSuits.searchTestSuit.SearchTest" name="checkCountResults" time="5.28"/>
  <testcase classname="testSuits.searchTestSuit.SearchTest" name="checkCountResults" time="7.031"/>
  <testcase classname="testSuits.searchTestSuit.SearchTest" name="checkFirstResult" time="6.136"/>
  <testcase classname="testSuits.searchTestSuit.SearchTest" name="checkFirstResult" time="5.843"/>
  <testcase classname="testSuits.searchTestSuit.SearchTest" name="checkFirstResult" time="4.767"/>
  <testcase classname="testSuits.searchTestSuit.SearchTest" name="checkFirstResult" time="5.942"/>
  <testcase classname="testSuits.searchTestSuit.SearchTest" name="checkPrice" time="11.137"/>
  <testcase classname="testSuits.searchTestSuit.SearchTest" name="checkPrice" time="10.226"/>
  <testcase classname="testSuits.searchTestSuit.SearchTest" name="checkPrice" time="8.382"/>
  <testcase classname="testSuits.searchTestSuit.SearchTest" name="checkPrice" time="9.663"/>
  <testcase classname="testSuits.searchTestSuit.SearchTest" name="checkSearchTerm" time="5.701"/>
  <testcase classname="testSuits.searchTestSuit.SearchTest" name="checkSearchTerm" time="5.662"/>
  <testcase classname="testSuits.searchTestSuit.SearchTest" name="checkSearchTerm" time="5.144"/>
  <testcase classname="testSuits.searchTestSuit.SearchTest" name="checkSearchTerm" time="5.391"/>
  <testcase classname="testSuits.ShoppingCartTestSuit.ShoppingCartTest" name="checkAddProduct" time="32.778"/>
  <testcase classname="testSuits.ShoppingCartTestSuit.ShoppingCartTest" name="checkAddTowProducts" time="33.784"/>
  <testcase classname="testSuits.ShoppingCartTestSuit.ShoppingCartTest" name="checkChangeCount" time="23.213"/>
  <testcase classname="testSuits.ShoppingCartTestSuit.ShoppingCartTest" name="checkDeleteProduct" time="27.157">
    <failure message="expected [true] but found [false]" type="java.lang.AssertionError">java.lang.AssertionError: expected [true] but found [false]
	at org.testng.Assert.fail(Assert.java:110)
	at org.testng.Assert.failNotEquals(Assert.java:1413)
	at org.testng.Assert.assertTrue(Assert.java:56)
	at org.testng.Assert.assertTrue(Assert.java:66)
	at testSuits.ShoppingCartTestSuit.ShoppingCartTest.checkDeleteProduct(ShoppingCartTest.java:121)
</failure>
    <system-out>your bag contains 0 item and comes to a total of ? 0.00.
</system-out>
  </testcase>
  <testcase classname="testSuits.ShoppingCartTestSuit.ShoppingCartTest" name="checkEnterAndExit" time="30.728"/>
  <testcase classname="testSuits.ShoppingCartTestSuit.ShoppingCartTest" name="checkTotalSum" time="26.263"/>
</testsuite>