<?xml version="1.0" encoding="UTF-8"?>
<testng-results ignored="0" total="48" passed="47" failed="1" skipped="0">
  <reporter-output>
  </reporter-output>
  <suite started-at="2022-08-29T15:22:52 IDT" name="Command line suite" finished-at="2022-08-29T15:33:49 IDT" duration-ms="657824">
    <groups>
      <group name="regression">
        <method signature="ShoppingCartTest.checkAddProduct()[pri:0, instance:testSuits.ShoppingCartTestSuit.ShoppingCartTest@2cc3ad05]" name="checkAddProduct" class="testSuits.ShoppingCartTestSuit.ShoppingCartTest"/>
        <method signature="ShoppingCartTest.checkAddTowProducts()[pri:0, instance:testSuits.ShoppingCartTestSuit.ShoppingCartTest@2cc3ad05]" name="checkAddTowProducts" class="testSuits.ShoppingCartTestSuit.ShoppingCartTest"/>
        <method signature="ShoppingCartTest.checkChangeCount()[pri:0, instance:testSuits.ShoppingCartTestSuit.ShoppingCartTest@2cc3ad05]" name="checkChangeCount" class="testSuits.ShoppingCartTestSuit.ShoppingCartTest"/>
        <method signature="ShoppingCartTest.checkDeleteProduct()[pri:0, instance:testSuits.ShoppingCartTestSuit.ShoppingCartTest@2cc3ad05]" name="checkDeleteProduct" class="testSuits.ShoppingCartTestSuit.ShoppingCartTest"/>
        <method signature="ShoppingCartTest.checkEnterAndExit()[pri:0, instance:testSuits.ShoppingCartTestSuit.ShoppingCartTest@2cc3ad05]" name="checkEnterAndExit" class="testSuits.ShoppingCartTestSuit.ShoppingCartTest"/>
        <method signature="ShoppingCartTest.checkTotalSum()[pri:0, instance:testSuits.ShoppingCartTestSuit.ShoppingCartTest@2cc3ad05]" name="checkTotalSum" class="testSuits.ShoppingCartTestSuit.ShoppingCartTest"/>
        <method signature="LoginTest.loginWithCorrectData(java.lang.String,java.lang.String)[pri:0, instance:testSuits.authTestSuit.LoginTest@61ce23ac]" name="loginWithCorrectData" class="testSuits.authTestSuit.LoginTest"/>
        <method signature="LoginTest.loginWithIncorrectPassword(java.lang.String,java.lang.String)[pri:0, instance:testSuits.authTestSuit.LoginTest@61ce23ac]" name="loginWithIncorrectPassword" class="testSuits.authTestSuit.LoginTest"/>
        <method signature="RegistrationTest.registerWithEmailInvalid(java.lang.String,java.lang.String,java.lang.String,java.lang.String,java.lang.String,java.lang.String,java.lang.String,java.lang.String,java.lang.String,java.lang.String,java.lang.String,java.lang.String)[pri:0, instance:testSuits.authTestSuit.RegistrationTest@7c1e2a2d]" name="registerWithEmailInvalid" class="testSuits.authTestSuit.RegistrationTest"/>
        <method signature="RegistrationTest.registerWithFirthNameInvalid(java.lang.String,java.lang.String,java.lang.String,java.lang.String,java.lang.String,java.lang.String,java.lang.String,java.lang.String,java.lang.String,java.lang.String,java.lang.String,java.lang.String)[pri:0, instance:testSuits.authTestSuit.RegistrationTest@7c1e2a2d]" name="registerWithFirthNameInvalid" class="testSuits.authTestSuit.RegistrationTest"/>
        <method signature="RegistrationTest.registerWithLastNameInvalid(java.lang.String,java.lang.String,java.lang.String,java.lang.String,java.lang.String,java.lang.String,java.lang.String,java.lang.String,java.lang.String,java.lang.String,java.lang.String,java.lang.String)[pri:0, instance:testSuits.authTestSuit.RegistrationTest@7c1e2a2d]" name="registerWithLastNameInvalid" class="testSuits.authTestSuit.RegistrationTest"/>
        <method signature="RegistrationTest.registerWithPasswordInvalid(java.lang.String,java.lang.String,java.lang.String,java.lang.String,java.lang.String,java.lang.String,java.lang.String,java.lang.String,java.lang.String,java.lang.String,java.lang.String,java.lang.String)[pri:0, instance:testSuits.authTestSuit.RegistrationTest@7c1e2a2d]" name="registerWithPasswordInvalid" class="testSuits.authTestSuit.RegistrationTest"/>
        <method signature="RegistrationTest.registerWithPhoneNumberInvalid(java.lang.String,java.lang.String,java.lang.String,java.lang.String,java.lang.String,java.lang.String,java.lang.String,java.lang.String,java.lang.String,java.lang.String,java.lang.String,java.lang.String)[pri:0, instance:testSuits.authTestSuit.RegistrationTest@7c1e2a2d]" name="registerWithPhoneNumberInvalid" class="testSuits.authTestSuit.RegistrationTest"/>
        <method signature="RegistrationTest.registerWithValidData(java.lang.String,java.lang.String,java.lang.String,java.lang.String,java.lang.String,java.lang.String,java.lang.String,java.lang.String,java.lang.String,java.lang.String,java.lang.String,java.lang.String)[pri:0, instance:testSuits.authTestSuit.RegistrationTest@7c1e2a2d]" name="registerWithValidData" class="testSuits.authTestSuit.RegistrationTest"/>
        <method signature="SearchTest.checkCountResults(java.lang.String)[pri:0, instance:testSuits.searchTestSuit.SearchTest@52d645b1]" name="checkCountResults" class="testSuits.searchTestSuit.SearchTest"/>
        <method signature="SearchTest.checkFirstResult(java.lang.String)[pri:0, instance:testSuits.searchTestSuit.SearchTest@52d645b1]" name="checkFirstResult" class="testSuits.searchTestSuit.SearchTest"/>
        <method signature="SearchTest.checkPrice(java.lang.String)[pri:0, instance:testSuits.searchTestSuit.SearchTest@52d645b1]" name="checkPrice" class="testSuits.searchTestSuit.SearchTest"/>
        <method signature="SearchTest.checkSearchTerm(java.lang.String)[pri:0, instance:testSuits.searchTestSuit.SearchTest@52d645b1]" name="checkSearchTerm" class="testSuits.searchTestSuit.SearchTest"/>
      </group> <!-- regression -->
      <group name="smoke">
        <method signature="LoginTest.loginWithCorrectData(java.lang.String,java.lang.String)[pri:0, instance:testSuits.authTestSuit.LoginTest@61ce23ac]" name="loginWithCorrectData" class="testSuits.authTestSuit.LoginTest"/>
        <method signature="LoginTest.loginWithIncorrectPassword(java.lang.String,java.lang.String)[pri:0, instance:testSuits.authTestSuit.LoginTest@61ce23ac]" name="loginWithIncorrectPassword" class="testSuits.authTestSuit.LoginTest"/>
        <method signature="RegistrationTest.registerWithEmailInvalid(java.lang.String,java.lang.String,java.lang.String,java.lang.String,java.lang.String,java.lang.String,java.lang.String,java.lang.String,java.lang.String,java.lang.String,java.lang.String,java.lang.String)[pri:0, instance:testSuits.authTestSuit.RegistrationTest@7c1e2a2d]" name="registerWithEmailInvalid" class="testSuits.authTestSuit.RegistrationTest"/>
        <method signature="RegistrationTest.registerWithFirthNameInvalid(java.lang.String,java.lang.String,java.lang.String,java.lang.String,java.lang.String,java.lang.String,java.lang.String,java.lang.String,java.lang.String,java.lang.String,java.lang.String,java.lang.String)[pri:0, instance:testSuits.authTestSuit.RegistrationTest@7c1e2a2d]" name="registerWithFirthNameInvalid" class="testSuits.authTestSuit.RegistrationTest"/>
        <method signature="RegistrationTest.registerWithLastNameInvalid(java.lang.String,java.lang.String,java.lang.String,java.lang.String,java.lang.String,java.lang.String,java.lang.String,java.lang.String,java.lang.String,java.lang.String,java.lang.String,java.lang.String)[pri:0, instance:testSuits.authTestSuit.RegistrationTest@7c1e2a2d]" name="registerWithLastNameInvalid" class="testSuits.authTestSuit.RegistrationTest"/>
        <method signature="RegistrationTest.registerWithPasswordInvalid(java.lang.String,java.lang.String,java.lang.String,java.lang.String,java.lang.String,java.lang.String,java.lang.String,java.lang.String,java.lang.String,java.lang.String,java.lang.String,java.lang.String)[pri:0, instance:testSuits.authTestSuit.RegistrationTest@7c1e2a2d]" name="registerWithPasswordInvalid" class="testSuits.authTestSuit.RegistrationTest"/>
        <method signature="RegistrationTest.registerWithPhoneNumberInvalid(java.lang.String,java.lang.String,java.lang.String,java.lang.String,java.lang.String,java.lang.String,java.lang.String,java.lang.String,java.lang.String,java.lang.String,java.lang.String,java.lang.String)[pri:0, instance:testSuits.authTestSuit.RegistrationTest@7c1e2a2d]" name="registerWithPhoneNumberInvalid" class="testSuits.authTestSuit.RegistrationTest"/>
        <method signature="RegistrationTest.registerWithValidData(java.lang.String,java.lang.String,java.lang.String,java.lang.String,java.lang.String,java.lang.String,java.lang.String,java.lang.String,java.lang.String,java.lang.String,java.lang.String,java.lang.String)[pri:0, instance:testSuits.authTestSuit.RegistrationTest@7c1e2a2d]" name="registerWithValidData" class="testSuits.authTestSuit.RegistrationTest"/>
      </group> <!-- smoke -->
      <group name="sanity">
        <method signature="LoginTest.loginWithCorrectData(java.lang.String,java.lang.String)[pri:0, instance:testSuits.authTestSuit.LoginTest@61ce23ac]" name="loginWithCorrectData" class="testSuits.authTestSuit.LoginTest"/>
        <method signature="RegistrationTest.registerWithValidData(java.lang.String,java.lang.String,java.lang.String,java.lang.String,java.lang.String,java.lang.String,java.lang.String,java.lang.String,java.lang.String,java.lang.String,java.lang.String,java.lang.String)[pri:0, instance:testSuits.authTestSuit.RegistrationTest@7c1e2a2d]" name="registerWithValidData" class="testSuits.authTestSuit.RegistrationTest"/>
      </group> <!-- sanity -->
    </groups>
    <test started-at="2022-08-29T15:22:52 IDT" name="Command line test" finished-at="2022-08-29T15:33:49 IDT" duration-ms="657824">
      <class name="testSuits.searchTestSuit.SearchTest">
        <test-method is-config="true" signature="setUpGroups()[pri:0, instance:testSuits.searchTestSuit.SearchTest@52d645b1]" started-at="2022-08-29T15:23:00 IDT" name="setUpGroups" finished-at="2022-08-29T15:23:03 IDT" duration-ms="3262" status="PASS">
          <reporter-output>
          </reporter-output>
        </test-method> <!-- setUpGroups -->
        <test-method is-config="true" signature="baseTestSetUp(utils.WebBrowserType)[pri:0, instance:testSuits.searchTestSuit.SearchTest@52d645b1]" started-at="2022-08-29T15:28:52 IDT" name="baseTestSetUp" finished-at="2022-08-29T15:28:54 IDT" duration-ms="2580" status="PASS">
          <params>
            <param index="0">
              <value>
                <![CDATA[CHROME]]>
              </value>
            </param>
          </params>
          <reporter-output>
          </reporter-output>
        </test-method> <!-- baseTestSetUp -->
        <test-method is-config="true" signature="setUp()[pri:0, instance:testSuits.searchTestSuit.SearchTest@52d645b1]" started-at="2022-08-29T15:28:54 IDT" name="setUp" finished-at="2022-08-29T15:28:54 IDT" duration-ms="1" status="PASS">
          <reporter-output>
          </reporter-output>
        </test-method> <!-- setUp -->
        <test-method signature="checkCountResults(java.lang.String)[pri:0, instance:testSuits.searchTestSuit.SearchTest@52d645b1]" started-at="2022-08-29T15:28:54 IDT" name="checkCountResults" data-provider="search-term-data" finished-at="2022-08-29T15:29:08 IDT" duration-ms="13857" status="PASS">
          <params>
            <param index="0">
              <value>
                <![CDATA[dress]]>
              </value>
            </param>
          </params>
          <reporter-output>
          </reporter-output>
        </test-method> <!-- checkCountResults -->
        <test-method signature="checkCountResults(java.lang.String)[pri:0, instance:testSuits.searchTestSuit.SearchTest@52d645b1]" started-at="2022-08-29T15:29:08 IDT" name="checkCountResults" data-provider="search-term-data" finished-at="2022-08-29T15:29:14 IDT" duration-ms="5941" status="PASS">
          <params>
            <param index="0">
              <value>
                <![CDATA[boots]]>
              </value>
            </param>
          </params>
          <reporter-output>
          </reporter-output>
        </test-method> <!-- checkCountResults -->
        <test-method signature="checkCountResults(java.lang.String)[pri:0, instance:testSuits.searchTestSuit.SearchTest@52d645b1]" started-at="2022-08-29T15:29:14 IDT" name="checkCountResults" data-provider="search-term-data" finished-at="2022-08-29T15:29:20 IDT" duration-ms="5278" status="PASS">
          <params>
            <param index="0">
              <value>
                <![CDATA[tray]]>
              </value>
            </param>
          </params>
          <reporter-output>
          </reporter-output>
        </test-method> <!-- checkCountResults -->
        <test-method signature="checkCountResults(java.lang.String)[pri:0, instance:testSuits.searchTestSuit.SearchTest@52d645b1]" started-at="2022-08-29T15:29:20 IDT" name="checkCountResults" data-provider="search-term-data" finished-at="2022-08-29T15:29:27 IDT" duration-ms="7028" status="PASS">
          <params>
            <param index="0">
              <value>
                <![CDATA[socks]]>
              </value>
            </param>
          </params>
          <reporter-output>
          </reporter-output>
        </test-method> <!-- checkCountResults -->
        <test-method signature="checkFirstResult(java.lang.String)[pri:0, instance:testSuits.searchTestSuit.SearchTest@52d645b1]" started-at="2022-08-29T15:29:27 IDT" name="checkFirstResult" data-provider="search-term-data" finished-at="2022-08-29T15:29:33 IDT" duration-ms="6135" status="PASS">
          <params>
            <param index="0">
              <value>
                <![CDATA[dress]]>
              </value>
            </param>
          </params>
          <reporter-output>
          </reporter-output>
        </test-method> <!-- checkFirstResult -->
        <test-method signature="checkFirstResult(java.lang.String)[pri:0, instance:testSuits.searchTestSuit.SearchTest@52d645b1]" started-at="2022-08-29T15:29:33 IDT" name="checkFirstResult" data-provider="search-term-data" finished-at="2022-08-29T15:29:39 IDT" duration-ms="5841" status="PASS">
          <params>
            <param index="0">
              <value>
                <![CDATA[boots]]>
              </value>
            </param>
          </params>
          <reporter-output>
          </reporter-output>
        </test-method> <!-- checkFirstResult -->
        <test-method signature="checkFirstResult(java.lang.String)[pri:0, instance:testSuits.searchTestSuit.SearchTest@52d645b1]" started-at="2022-08-29T15:29:39 IDT" name="checkFirstResult" data-provider="search-term-data" finished-at="2022-08-29T15:29:43 IDT" duration-ms="4764" status="PASS">
          <params>
            <param index="0">
              <value>
                <![CDATA[tray]]>
              </value>
            </param>
          </params>
          <reporter-output>
          </reporter-output>
        </test-method> <!-- checkFirstResult -->
        <test-method signature="checkFirstResult(java.lang.String)[pri:0, instance:testSuits.searchTestSuit.SearchTest@52d645b1]" started-at="2022-08-29T15:29:43 IDT" name="checkFirstResult" data-provider="search-term-data" finished-at="2022-08-29T15:29:49 IDT" duration-ms="5941" status="PASS">
          <params>
            <param index="0">
              <value>
                <![CDATA[socks]]>
              </value>
            </param>
          </params>
          <reporter-output>
          </reporter-output>
        </test-method> <!-- checkFirstResult -->
        <test-method signature="checkPrice(java.lang.String)[pri:0, instance:testSuits.searchTestSuit.SearchTest@52d645b1]" started-at="2022-08-29T15:29:50 IDT" name="checkPrice" data-provider="search-term-data" finished-at="2022-08-29T15:30:01 IDT" duration-ms="11137" status="PASS">
          <params>
            <param index="0">
              <value>
                <![CDATA[dress]]>
              </value>
            </param>
          </params>
          <reporter-output>
          </reporter-output>
        </test-method> <!-- checkPrice -->
        <test-method signature="checkPrice(java.lang.String)[pri:0, instance:testSuits.searchTestSuit.SearchTest@52d645b1]" started-at="2022-08-29T15:30:01 IDT" name="checkPrice" data-provider="search-term-data" finished-at="2022-08-29T15:30:11 IDT" duration-ms="10224" status="PASS">
          <params>
            <param index="0">
              <value>
                <![CDATA[boots]]>
              </value>
            </param>
          </params>
          <reporter-output>
          </reporter-output>
        </test-method> <!-- checkPrice -->
        <test-method signature="checkPrice(java.lang.String)[pri:0, instance:testSuits.searchTestSuit.SearchTest@52d645b1]" started-at="2022-08-29T15:30:11 IDT" name="checkPrice" data-provider="search-term-data" finished-at="2022-08-29T15:30:19 IDT" duration-ms="8380" status="PASS">
          <params>
            <param index="0">
              <value>
                <![CDATA[tray]]>
              </value>
            </param>
          </params>
          <reporter-output>
          </reporter-output>
        </test-method> <!-- checkPrice -->
        <test-method signature="checkPrice(java.lang.String)[pri:0, instance:testSuits.searchTestSuit.SearchTest@52d645b1]" started-at="2022-08-29T15:30:19 IDT" name="checkPrice" data-provider="search-term-data" finished-at="2022-08-29T15:30:29 IDT" duration-ms="9661" status="PASS">
          <params>
            <param index="0">
              <value>
                <![CDATA[socks]]>
              </value>
            </param>
          </params>
          <reporter-output>
          </reporter-output>
        </test-method> <!-- checkPrice -->
        <test-method signature="checkSearchTerm(java.lang.String)[pri:0, instance:testSuits.searchTestSuit.SearchTest@52d645b1]" started-at="2022-08-29T15:30:29 IDT" name="checkSearchTerm" data-provider="search-term-data" finished-at="2022-08-29T15:30:35 IDT" duration-ms="5698" status="PASS">
          <params>
            <param index="0">
              <value>
                <![CDATA[dress]]>
              </value>
            </param>
          </params>
          <reporter-output>
          </reporter-output>
        </test-method> <!-- checkSearchTerm -->
        <test-method signature="checkSearchTerm(java.lang.String)[pri:0, instance:testSuits.searchTestSuit.SearchTest@52d645b1]" started-at="2022-08-29T15:30:35 IDT" name="checkSearchTerm" data-provider="search-term-data" finished-at="2022-08-29T15:30:40 IDT" duration-ms="5658" status="PASS">
          <params>
            <param index="0">
              <value>
                <![CDATA[boots]]>
              </value>
            </param>
          </params>
          <reporter-output>
          </reporter-output>
        </test-method> <!-- checkSearchTerm -->
        <test-method signature="checkSearchTerm(java.lang.String)[pri:0, instance:testSuits.searchTestSuit.SearchTest@52d645b1]" started-at="2022-08-29T15:30:40 IDT" name="checkSearchTerm" data-provider="search-term-data" finished-at="2022-08-29T15:30:45 IDT" duration-ms="5141" status="PASS">
          <params>
            <param index="0">
              <value>
                <![CDATA[tray]]>
              </value>
            </param>
          </params>
          <reporter-output>
          </reporter-output>
        </test-method> <!-- checkSearchTerm -->
        <test-method signature="checkSearchTerm(java.lang.String)[pri:0, instance:testSuits.searchTestSuit.SearchTest@52d645b1]" started-at="2022-08-29T15:30:45 IDT" name="checkSearchTerm" data-provider="search-term-data" finished-at="2022-08-29T15:30:51 IDT" duration-ms="5384" status="PASS">
          <params>
            <param index="0">
              <value>
                <![CDATA[socks]]>
              </value>
            </param>
          </params>
          <reporter-output>
          </reporter-output>
        </test-method> <!-- checkSearchTerm -->
        <test-method is-config="true" signature="tearDown()[pri:0, instance:testSuits.searchTestSuit.SearchTest@52d645b1]" started-at="2022-08-29T15:30:51 IDT" name="tearDown" finished-at="2022-08-29T15:30:52 IDT" duration-ms="864" status="PASS">
          <reporter-output>
          </reporter-output>
        </test-method> <!-- tearDown -->
      </class> <!-- testSuits.searchTestSuit.SearchTest -->
      <class name="testSuits.ShoppingCartTestSuit.ShoppingCartTest">
        <test-method is-config="true" signature="setUpGroups()[pri:0, instance:testSuits.ShoppingCartTestSuit.ShoppingCartTest@2cc3ad05]" started-at="2022-08-29T15:23:03 IDT" name="setUpGroups" finished-at="2022-08-29T15:23:09 IDT" duration-ms="6136" status="PASS">
          <reporter-output>
          </reporter-output>
        </test-method> <!-- setUpGroups -->
        <test-method is-config="true" signature="baseTestSetUp(utils.WebBrowserType)[pri:0, instance:testSuits.ShoppingCartTestSuit.ShoppingCartTest@2cc3ad05]" started-at="2022-08-29T15:30:52 IDT" name="baseTestSetUp" finished-at="2022-08-29T15:30:54 IDT" duration-ms="2428" status="PASS">
          <params>
            <param index="0">
              <value>
                <![CDATA[CHROME]]>
              </value>
            </param>
          </params>
          <reporter-output>
          </reporter-output>
        </test-method> <!-- baseTestSetUp -->
        <test-method is-config="true" signature="setUp()[pri:0, instance:testSuits.ShoppingCartTestSuit.ShoppingCartTest@2cc3ad05]" started-at="2022-08-29T15:30:54 IDT" name="setUp" finished-at="2022-08-29T15:30:54 IDT" duration-ms="1" status="PASS">
          <reporter-output>
          </reporter-output>
        </test-method> <!-- setUp -->
        <test-method signature="checkAddProduct()[pri:0, instance:testSuits.ShoppingCartTestSuit.ShoppingCartTest@2cc3ad05]" started-at="2022-08-29T15:30:54 IDT" name="checkAddProduct" finished-at="2022-08-29T15:31:27 IDT" duration-ms="32779" status="PASS">
          <reporter-output>
          </reporter-output>
        </test-method> <!-- checkAddProduct -->
        <test-method signature="checkAddTowProducts()[pri:0, instance:testSuits.ShoppingCartTestSuit.ShoppingCartTest@2cc3ad05]" started-at="2022-08-29T15:31:27 IDT" name="checkAddTowProducts" finished-at="2022-08-29T15:32:01 IDT" duration-ms="33784" status="PASS">
          <reporter-output>
          </reporter-output>
        </test-method> <!-- checkAddTowProducts -->
        <test-method signature="checkChangeCount()[pri:0, instance:testSuits.ShoppingCartTestSuit.ShoppingCartTest@2cc3ad05]" started-at="2022-08-29T15:32:01 IDT" name="checkChangeCount" finished-at="2022-08-29T15:32:24 IDT" duration-ms="23213" status="PASS">
          <reporter-output>
          </reporter-output>
        </test-method> <!-- checkChangeCount -->
        <test-method signature="checkDeleteProduct()[pri:0, instance:testSuits.ShoppingCartTestSuit.ShoppingCartTest@2cc3ad05]" started-at="2022-08-29T15:32:24 IDT" name="checkDeleteProduct" finished-at="2022-08-29T15:32:51 IDT" duration-ms="27141" status="FAIL">
          <exception class="java.lang.AssertionError">
            <message>
              <![CDATA[expected [true] but found [false]]]>
            </message>
            <full-stacktrace>
              <![CDATA[java.lang.AssertionError: expected [true] but found [false]
at org.testng.Assert.fail(Assert.java:110)
at org.testng.Assert.failNotEquals(Assert.java:1413)
at org.testng.Assert.assertTrue(Assert.java:56)
at org.testng.Assert.assertTrue(Assert.java:66)
at testSuits.ShoppingCartTestSuit.ShoppingCartTest.checkDeleteProduct(ShoppingCartTest.java:121)
at java.base/jdk.internal.reflect.NativeMethodAccessorImpl.invoke0(Native Method)
at java.base/jdk.internal.reflect.NativeMethodAccessorImpl.invoke(NativeMethodAccessorImpl.java:78)
at java.base/jdk.internal.reflect.DelegatingMethodAccessorImpl.invoke(DelegatingMethodAccessorImpl.java:43)
at java.base/java.lang.reflect.Method.invoke(Method.java:567)
at org.testng.internal.invokers.MethodInvocationHelper.invokeMethod(MethodInvocationHelper.java:139)
at org.testng.internal.invokers.TestInvoker.invokeMethod(TestInvoker.java:677)
at org.testng.internal.invokers.TestInvoker.invokeTestMethod(TestInvoker.java:221)
at org.testng.internal.invokers.MethodRunner.runInSequence(MethodRunner.java:50)
at org.testng.internal.invokers.TestInvoker$MethodInvocationAgent.invoke(TestInvoker.java:962)
at org.testng.internal.invokers.TestInvoker.invokeTestMethods(TestInvoker.java:194)
at org.testng.internal.invokers.TestMethodWorker.invokeTestMethods(TestMethodWorker.java:148)
at org.testng.internal.invokers.TestMethodWorker.run(TestMethodWorker.java:128)
at java.base/java.util.ArrayList.forEach(ArrayList.java:1511)
at org.testng.TestRunner.privateRun(TestRunner.java:806)
at org.testng.TestRunner.run(TestRunner.java:601)
at org.testng.SuiteRunner.runTest(SuiteRunner.java:433)
at org.testng.SuiteRunner.runSequentially(SuiteRunner.java:427)
at org.testng.SuiteRunner.privateRun(SuiteRunner.java:387)
at org.testng.SuiteRunner.run(SuiteRunner.java:330)
at org.testng.SuiteRunnerWorker.runSuite(SuiteRunnerWorker.java:52)
at org.testng.SuiteRunnerWorker.run(SuiteRunnerWorker.java:95)
at org.testng.TestNG.runSuitesSequentially(TestNG.java:1256)
at org.testng.TestNG.runSuitesLocally(TestNG.java:1176)
at org.testng.TestNG.runSuites(TestNG.java:1099)
at org.testng.TestNG.run(TestNG.java:1067)
at org.apache.maven.surefire.testng.TestNGExecutor.run(TestNGExecutor.java:77)
at org.apache.maven.surefire.testng.TestNGDirectoryTestSuite.executeMulti(TestNGDirectoryTestSuite.java:159)
at org.apache.maven.surefire.testng.TestNGDirectoryTestSuite.execute(TestNGDirectoryTestSuite.java:99)
at org.apache.maven.surefire.testng.TestNGProvider.invoke(TestNGProvider.java:106)
at java.base/jdk.internal.reflect.NativeMethodAccessorImpl.invoke0(Native Method)
at java.base/jdk.internal.reflect.NativeMethodAccessorImpl.invoke(NativeMethodAccessorImpl.java:78)
at java.base/jdk.internal.reflect.DelegatingMethodAccessorImpl.invoke(DelegatingMethodAccessorImpl.java:43)
at java.base/java.lang.reflect.Method.invoke(Method.java:567)
at org.apache.maven.surefire.util.ReflectionUtils.invokeMethodWithArray(ReflectionUtils.java:189)
at org.apache.maven.surefire.booter.ProviderFactory$ProviderProxy.invoke(ProviderFactory.java:165)
at org.apache.maven.surefire.booter.ProviderFactory.invokeProvider(ProviderFactory.java:85)
at org.apache.maven.surefire.booter.ForkedBooter.runSuitesInProcess(ForkedBooter.java:115)
at org.apache.maven.surefire.booter.ForkedBooter.main(ForkedBooter.java:75)
]]>
            </full-stacktrace>
          </exception> <!-- java.lang.AssertionError -->
          <reporter-output>
          </reporter-output>
        </test-method> <!-- checkDeleteProduct -->
        <test-method signature="checkEnterAndExit()[pri:0, instance:testSuits.ShoppingCartTestSuit.ShoppingCartTest@2cc3ad05]" started-at="2022-08-29T15:32:51 IDT" name="checkEnterAndExit" finished-at="2022-08-29T15:33:22 IDT" duration-ms="30712" status="PASS">
          <reporter-output>
          </reporter-output>
        </test-method> <!-- checkEnterAndExit -->
        <test-method signature="checkTotalSum()[pri:0, instance:testSuits.ShoppingCartTestSuit.ShoppingCartTest@2cc3ad05]" started-at="2022-08-29T15:33:22 IDT" name="checkTotalSum" finished-at="2022-08-29T15:33:48 IDT" duration-ms="26263" status="PASS">
          <reporter-output>
          </reporter-output>
        </test-method> <!-- checkTotalSum -->
        <test-method is-config="true" signature="tearDown()[pri:0, instance:testSuits.ShoppingCartTestSuit.ShoppingCartTest@2cc3ad05]" started-at="2022-08-29T15:33:48 IDT" name="tearDown" finished-at="2022-08-29T15:33:49 IDT" duration-ms="1300" status="PASS">
          <reporter-output>
          </reporter-output>
        </test-method> <!-- tearDown -->
      </class> <!-- testSuits.ShoppingCartTestSuit.ShoppingCartTest -->
      <class name="testSuits.authTestSuit.LoginTest">
        <test-method is-config="true" signature="baseTestSetUp(utils.WebBrowserType)[pri:0, instance:testSuits.authTestSuit.LoginTest@61ce23ac]" started-at="2022-08-29T15:22:52 IDT" name="baseTestSetUp" finished-at="2022-08-29T15:22:57 IDT" duration-ms="5151" status="PASS">
          <params>
            <param index="0">
              <value>
                <![CDATA[CHROME]]>
              </value>
            </param>
          </params>
          <reporter-output>
          </reporter-output>
        </test-method> <!-- baseTestSetUp -->
        <test-method is-config="true" signature="setUp()[pri:0, instance:testSuits.authTestSuit.LoginTest@61ce23ac]" started-at="2022-08-29T15:22:57 IDT" name="setUp" finished-at="2022-08-29T15:22:57 IDT" duration-ms="16" status="PASS">
          <reporter-output>
          </reporter-output>
        </test-method> <!-- setUp -->
        <test-method is-config="true" signature="setUpGroups()[pri:0, instance:testSuits.authTestSuit.LoginTest@61ce23ac]" started-at="2022-08-29T15:22:57 IDT" name="setUpGroups" finished-at="2022-08-29T15:22:57 IDT" duration-ms="0" status="PASS">
          <reporter-output>
          </reporter-output>
        </test-method> <!-- setUpGroups -->
        <test-method signature="loginWithCorrectData(java.lang.String,java.lang.String)[pri:0, instance:testSuits.authTestSuit.LoginTest@61ce23ac]" started-at="2022-08-29T15:23:09 IDT" name="loginWithCorrectData" data-provider="correct_data" finished-at="2022-08-29T15:23:30 IDT" duration-ms="21007" status="PASS">
          <params>
            <param index="0">
              <value>
                <![CDATA[tanicknom@gmail.com]]>
              </value>
            </param>
            <param index="1">
              <value>
                <![CDATA[Y348d76Rt]]>
              </value>
            </param>
          </params>
          <reporter-output>
          </reporter-output>
        </test-method> <!-- loginWithCorrectData -->
        <test-method signature="loginWithIncorrectPassword(java.lang.String,java.lang.String)[pri:0, instance:testSuits.authTestSuit.LoginTest@61ce23ac]" started-at="2022-08-29T15:23:30 IDT" name="loginWithIncorrectPassword" data-provider="incorrect_password" finished-at="2022-08-29T15:23:40 IDT" duration-ms="9614" status="PASS">
          <params>
            <param index="0">
              <value>
                <![CDATA[tanicknom@gmail.com]]>
              </value>
            </param>
            <param index="1">
              <value>
                <![CDATA[lk9i7y]]>
              </value>
            </param>
          </params>
          <reporter-output>
          </reporter-output>
        </test-method> <!-- loginWithIncorrectPassword -->
        <test-method is-config="true" signature="tearDown()[pri:0, instance:testSuits.authTestSuit.LoginTest@61ce23ac]" started-at="2022-08-29T15:23:40 IDT" name="tearDown" finished-at="2022-08-29T15:23:43 IDT" duration-ms="2738" status="PASS">
          <reporter-output>
          </reporter-output>
        </test-method> <!-- tearDown -->
      </class> <!-- testSuits.authTestSuit.LoginTest -->
      <class name="testSuits.authTestSuit.RegistrationTest">
        <test-method is-config="true" signature="setUpGroups()[pri:0, instance:testSuits.authTestSuit.RegistrationTest@7c1e2a2d]" started-at="2022-08-29T15:22:57 IDT" name="setUpGroups" finished-at="2022-08-29T15:23:00 IDT" duration-ms="2624" status="PASS">
          <reporter-output>
          </reporter-output>
        </test-method> <!-- setUpGroups -->
        <test-method is-config="true" signature="baseTestSetUp(utils.WebBrowserType)[pri:0, instance:testSuits.authTestSuit.RegistrationTest@7c1e2a2d]" started-at="2022-08-29T15:23:43 IDT" name="baseTestSetUp" finished-at="2022-08-29T15:23:45 IDT" duration-ms="2914" status="PASS">
          <params>
            <param index="0">
              <value>
                <![CDATA[CHROME]]>
              </value>
            </param>
          </params>
          <reporter-output>
          </reporter-output>
        </test-method> <!-- baseTestSetUp -->
        <test-method is-config="true" signature="setUp()[pri:0, instance:testSuits.authTestSuit.RegistrationTest@7c1e2a2d]" started-at="2022-08-29T15:23:45 IDT" name="setUp" finished-at="2022-08-29T15:23:45 IDT" duration-ms="2" status="PASS">
          <reporter-output>
          </reporter-output>
        </test-method> <!-- setUp -->
        <test-method signature="registerWithEmailInvalid(java.lang.String,java.lang.String,java.lang.String,java.lang.String,java.lang.String,java.lang.String,java.lang.String,java.lang.String,java.lang.String,java.lang.String,java.lang.String,java.lang.String)[pri:0, instance:testSuits.authTestSuit.RegistrationTest@7c1e2a2d]" started-at="2022-08-29T15:23:49 IDT" name="registerWithEmailInvalid" data-provider="email-invalid" finished-at="2022-08-29T15:24:16 IDT" duration-ms="27869" status="PASS">
          <params>
            <param index="0">
              <value>
                <![CDATA[Mr]]>
              </value>
            </param>
            <param index="1">
              <value>
                <![CDATA[John]]>
              </value>
            </param>
            <param index="2">
              <value>
                <![CDATA[Doe]]>
              </value>
            </param>
            <param index="3">
              <value>
                <![CDATA[john@gmail]]>
              </value>
            </param>
            <param index="4">
              <value>
                <![CDATA[p123456]]>
              </value>
            </param>
            <param index="5">
              <value>
                <![CDATA[123459]]>
              </value>
            </param>
            <param index="6">
              <value>
                <![CDATA[5.0]]>
              </value>
            </param>
            <param index="7">
              <value>
                <![CDATA[str]]>
              </value>
            </param>
            <param index="8">
              <value>
                <![CDATA[Beer Sheva]]>
              </value>
            </param>
            <param index="9">
              <value>
                <![CDATA[HADAROM]]>
              </value>
            </param>
            <param index="10">
              <value>
                <![CDATA[12345]]>
              </value>
            </param>
            <param index="11">
              <value>
                <![CDATA[this value should be a valid email.]]>
              </value>
            </param>
          </params>
          <reporter-output>
          </reporter-output>
        </test-method> <!-- registerWithEmailInvalid -->
        <test-method signature="registerWithEmailInvalid(java.lang.String,java.lang.String,java.lang.String,java.lang.String,java.lang.String,java.lang.String,java.lang.String,java.lang.String,java.lang.String,java.lang.String,java.lang.String,java.lang.String)[pri:0, instance:testSuits.authTestSuit.RegistrationTest@7c1e2a2d]" started-at="2022-08-29T15:24:16 IDT" name="registerWithEmailInvalid" data-provider="email-invalid" finished-at="2022-08-29T15:24:30 IDT" duration-ms="13402" status="PASS">
          <params>
            <param index="0">
              <value>
                <![CDATA[Mrs]]>
              </value>
            </param>
            <param index="1">
              <value>
                <![CDATA[Kate]]>
              </value>
            </param>
            <param index="2">
              <value>
                <![CDATA[Smit]]>
              </value>
            </param>
            <param index="3">
              <value>
                <![CDATA[kate.com]]>
              </value>
            </param>
            <param index="4">
              <value>
                <![CDATA[098y76]]>
              </value>
            </param>
            <param index="5">
              <value>
                <![CDATA[123456]]>
              </value>
            </param>
            <param index="6">
              <value>
                <![CDATA[10.0]]>
              </value>
            </param>
            <param index="7">
              <value>
                <![CDATA[str 5]]>
              </value>
            </param>
            <param index="8">
              <value>
                <![CDATA[Lod]]>
              </value>
            </param>
            <param index="9">
              <value>
                <![CDATA[HAMERKAZ]]>
              </value>
            </param>
            <param index="10">
              <value>
                <![CDATA[123456]]>
              </value>
            </param>
            <param index="11">
              <value>
                <![CDATA[this value should be a valid email.]]>
              </value>
            </param>
          </params>
          <reporter-output>
          </reporter-output>
        </test-method> <!-- registerWithEmailInvalid -->
        <test-method signature="registerWithEmailInvalid(java.lang.String,java.lang.String,java.lang.String,java.lang.String,java.lang.String,java.lang.String,java.lang.String,java.lang.String,java.lang.String,java.lang.String,java.lang.String,java.lang.String)[pri:0, instance:testSuits.authTestSuit.RegistrationTest@7c1e2a2d]" started-at="2022-08-29T15:24:30 IDT" name="registerWithEmailInvalid" data-provider="email-invalid" finished-at="2022-08-29T15:24:45 IDT" duration-ms="15539" status="PASS">
          <params>
            <param index="0">
              <value>
                <![CDATA[Miss]]>
              </value>
            </param>
            <param index="1">
              <value>
                <![CDATA[Lea]]>
              </value>
            </param>
            <param index="2">
              <value>
                <![CDATA[Jobs]]>
              </value>
            </param>
            <param index="3">
              <value>
                <![CDATA[leajobs]]>
              </value>
            </param>
            <param index="4">
              <value>
                <![CDATA[p123456]]>
              </value>
            </param>
            <param index="5">
              <value>
                <![CDATA[543216]]>
              </value>
            </param>
            <param index="6">
              <value>
                <![CDATA[58.0]]>
              </value>
            </param>
            <param index="7">
              <value>
                <![CDATA[str 10]]>
              </value>
            </param>
            <param index="8">
              <value>
                <![CDATA[Tel-Aviv]]>
              </value>
            </param>
            <param index="9">
              <value>
                <![CDATA[TEL-AVIV]]>
              </value>
            </param>
            <param index="10">
              <value>
                <![CDATA[54321]]>
              </value>
            </param>
            <param index="11">
              <value>
                <![CDATA[this value should be a valid email.]]>
              </value>
            </param>
          </params>
          <reporter-output>
          </reporter-output>
        </test-method> <!-- registerWithEmailInvalid -->
        <test-method signature="registerWithEmailInvalid(java.lang.String,java.lang.String,java.lang.String,java.lang.String,java.lang.String,java.lang.String,java.lang.String,java.lang.String,java.lang.String,java.lang.String,java.lang.String,java.lang.String)[pri:0, instance:testSuits.authTestSuit.RegistrationTest@7c1e2a2d]" started-at="2022-08-29T15:24:45 IDT" name="registerWithEmailInvalid" data-provider="email-invalid" finished-at="2022-08-29T15:24:58 IDT" duration-ms="12244" status="PASS">
          <params>
            <param index="0">
              <value>
                <![CDATA[Ms]]>
              </value>
            </param>
            <param index="1">
              <value>
                <![CDATA[Nik]]>
              </value>
            </param>
            <param index="2">
              <value>
                <![CDATA[Sam]]>
              </value>
            </param>
            <param index="3">
              <value>
                <![CDATA[@.com]]>
              </value>
            </param>
            <param index="4">
              <value>
                <![CDATA[gh34km]]>
              </value>
            </param>
            <param index="5">
              <value>
                <![CDATA[12345678]]>
              </value>
            </param>
            <param index="6">
              <value>
                <![CDATA[1005.0]]>
              </value>
            </param>
            <param index="7">
              <value>
                <![CDATA[str str]]>
              </value>
            </param>
            <param index="8">
              <value>
                <![CDATA[Jerusalem]]>
              </value>
            </param>
            <param index="9">
              <value>
                <![CDATA[YERUSHALAYIM]]>
              </value>
            </param>
            <param index="10">
              <value>
                <![CDATA[123456]]>
              </value>
            </param>
            <param index="11">
              <value>
                <![CDATA[this value should be a valid email.]]>
              </value>
            </param>
          </params>
          <reporter-output>
          </reporter-output>
        </test-method> <!-- registerWithEmailInvalid -->
        <test-method signature="registerWithFirthNameInvalid(java.lang.String,java.lang.String,java.lang.String,java.lang.String,java.lang.String,java.lang.String,java.lang.String,java.lang.String,java.lang.String,java.lang.String,java.lang.String,java.lang.String)[pri:0, instance:testSuits.authTestSuit.RegistrationTest@7c1e2a2d]" started-at="2022-08-29T15:24:58 IDT" name="registerWithFirthNameInvalid" data-provider="firstname-invalid" finished-at="2022-08-29T15:25:11 IDT" duration-ms="13624" status="PASS">
          <params>
            <param index="0">
              <value>
                <![CDATA[Mr]]>
              </value>
            </param>
            <param index="1">
              <value>
                <![CDATA[d1]]>
              </value>
            </param>
            <param index="2">
              <value>
                <![CDATA[Doe]]>
              </value>
            </param>
            <param index="3">
              <value>
                <![CDATA[john@gmail.com]]>
              </value>
            </param>
            <param index="4">
              <value>
                <![CDATA[p123456]]>
              </value>
            </param>
            <param index="5">
              <value>
                <![CDATA[123459]]>
              </value>
            </param>
            <param index="6">
              <value>
                <![CDATA[5.0]]>
              </value>
            </param>
            <param index="7">
              <value>
                <![CDATA[str]]>
              </value>
            </param>
            <param index="8">
              <value>
                <![CDATA[Beer Sheva]]>
              </value>
            </param>
            <param index="9">
              <value>
                <![CDATA[HADAROM]]>
              </value>
            </param>
            <param index="10">
              <value>
                <![CDATA[12345]]>
              </value>
            </param>
            <param index="11">
              <value>
                <![CDATA[please supply a valid first name]]>
              </value>
            </param>
          </params>
          <reporter-output>
          </reporter-output>
        </test-method> <!-- registerWithFirthNameInvalid -->
        <test-method signature="registerWithFirthNameInvalid(java.lang.String,java.lang.String,java.lang.String,java.lang.String,java.lang.String,java.lang.String,java.lang.String,java.lang.String,java.lang.String,java.lang.String,java.lang.String,java.lang.String)[pri:0, instance:testSuits.authTestSuit.RegistrationTest@7c1e2a2d]" started-at="2022-08-29T15:25:11 IDT" name="registerWithFirthNameInvalid" data-provider="firstname-invalid" finished-at="2022-08-29T15:25:24 IDT" duration-ms="12596" status="PASS">
          <params>
            <param index="0">
              <value>
                <![CDATA[Mrs]]>
              </value>
            </param>
            <param index="1">
              <value>
                <![CDATA[11]]>
              </value>
            </param>
            <param index="2">
              <value>
                <![CDATA[Smit]]>
              </value>
            </param>
            <param index="3">
              <value>
                <![CDATA[kate@gmail.com]]>
              </value>
            </param>
            <param index="4">
              <value>
                <![CDATA[098y76]]>
              </value>
            </param>
            <param index="5">
              <value>
                <![CDATA[123456]]>
              </value>
            </param>
            <param index="6">
              <value>
                <![CDATA[10.0]]>
              </value>
            </param>
            <param index="7">
              <value>
                <![CDATA[str 5]]>
              </value>
            </param>
            <param index="8">
              <value>
                <![CDATA[Lod]]>
              </value>
            </param>
            <param index="9">
              <value>
                <![CDATA[HAMERKAZ]]>
              </value>
            </param>
            <param index="10">
              <value>
                <![CDATA[123456]]>
              </value>
            </param>
            <param index="11">
              <value>
                <![CDATA[please supply a valid first name]]>
              </value>
            </param>
          </params>
          <reporter-output>
          </reporter-output>
        </test-method> <!-- registerWithFirthNameInvalid -->
        <test-method signature="registerWithFirthNameInvalid(java.lang.String,java.lang.String,java.lang.String,java.lang.String,java.lang.String,java.lang.String,java.lang.String,java.lang.String,java.lang.String,java.lang.String,java.lang.String,java.lang.String)[pri:0, instance:testSuits.authTestSuit.RegistrationTest@7c1e2a2d]" started-at="2022-08-29T15:25:24 IDT" name="registerWithFirthNameInvalid" data-provider="firstname-invalid" finished-at="2022-08-29T15:25:37 IDT" duration-ms="13306" status="PASS">
          <params>
            <param index="0">
              <value>
                <![CDATA[Miss]]>
              </value>
            </param>
            <param index="1">
              <value>
                <![CDATA[f@]]>
              </value>
            </param>
            <param index="2">
              <value>
                <![CDATA[Jobs]]>
              </value>
            </param>
            <param index="3">
              <value>
                <![CDATA[leajobs@gmail.com]]>
              </value>
            </param>
            <param index="4">
              <value>
                <![CDATA[p123456]]>
              </value>
            </param>
            <param index="5">
              <value>
                <![CDATA[543216]]>
              </value>
            </param>
            <param index="6">
              <value>
                <![CDATA[58.0]]>
              </value>
            </param>
            <param index="7">
              <value>
                <![CDATA[str 10]]>
              </value>
            </param>
            <param index="8">
              <value>
                <![CDATA[Tel-Aviv]]>
              </value>
            </param>
            <param index="9">
              <value>
                <![CDATA[TEL-AVIV]]>
              </value>
            </param>
            <param index="10">
              <value>
                <![CDATA[54321]]>
              </value>
            </param>
            <param index="11">
              <value>
                <![CDATA[please supply a valid first name]]>
              </value>
            </param>
          </params>
          <reporter-output>
          </reporter-output>
        </test-method> <!-- registerWithFirthNameInvalid -->
        <test-method signature="registerWithFirthNameInvalid(java.lang.String,java.lang.String,java.lang.String,java.lang.String,java.lang.String,java.lang.String,java.lang.String,java.lang.String,java.lang.String,java.lang.String,java.lang.String,java.lang.String)[pri:0, instance:testSuits.authTestSuit.RegistrationTest@7c1e2a2d]" started-at="2022-08-29T15:25:37 IDT" name="registerWithFirthNameInvalid" data-provider="firstname-invalid" finished-at="2022-08-29T15:25:50 IDT" duration-ms="12323" status="PASS">
          <params>
            <param index="0">
              <value>
                <![CDATA[Ms]]>
              </value>
            </param>
            <param index="1">
              <value>
                <![CDATA[N]]>
              </value>
            </param>
            <param index="2">
              <value>
                <![CDATA[Sam]]>
              </value>
            </param>
            <param index="3">
              <value>
                <![CDATA[nik@gmail.com]]>
              </value>
            </param>
            <param index="4">
              <value>
                <![CDATA[gh34km]]>
              </value>
            </param>
            <param index="5">
              <value>
                <![CDATA[12345678]]>
              </value>
            </param>
            <param index="6">
              <value>
                <![CDATA[1005.0]]>
              </value>
            </param>
            <param index="7">
              <value>
                <![CDATA[str str]]>
              </value>
            </param>
            <param index="8">
              <value>
                <![CDATA[Jerusalem]]>
              </value>
            </param>
            <param index="9">
              <value>
                <![CDATA[YERUSHALAYIM]]>
              </value>
            </param>
            <param index="10">
              <value>
                <![CDATA[123456]]>
              </value>
            </param>
            <param index="11">
              <value>
                <![CDATA[please supply a valid first name]]>
              </value>
            </param>
          </params>
          <reporter-output>
          </reporter-output>
        </test-method> <!-- registerWithFirthNameInvalid -->
        <test-method signature="registerWithLastNameInvalid(java.lang.String,java.lang.String,java.lang.String,java.lang.String,java.lang.String,java.lang.String,java.lang.String,java.lang.String,java.lang.String,java.lang.String,java.lang.String,java.lang.String)[pri:0, instance:testSuits.authTestSuit.RegistrationTest@7c1e2a2d]" started-at="2022-08-29T15:25:50 IDT" name="registerWithLastNameInvalid" data-provider="lastname-invalid" finished-at="2022-08-29T15:26:02 IDT" duration-ms="12044" status="PASS">
          <params>
            <param index="0">
              <value>
                <![CDATA[Mr]]>
              </value>
            </param>
            <param index="1">
              <value>
                <![CDATA[John]]>
              </value>
            </param>
            <param index="2">
              <value>
                <![CDATA[d1]]>
              </value>
            </param>
            <param index="3">
              <value>
                <![CDATA[john@gmail.com]]>
              </value>
            </param>
            <param index="4">
              <value>
                <![CDATA[p123456]]>
              </value>
            </param>
            <param index="5">
              <value>
                <![CDATA[123459]]>
              </value>
            </param>
            <param index="6">
              <value>
                <![CDATA[5.0]]>
              </value>
            </param>
            <param index="7">
              <value>
                <![CDATA[str]]>
              </value>
            </param>
            <param index="8">
              <value>
                <![CDATA[Beer Sheva]]>
              </value>
            </param>
            <param index="9">
              <value>
                <![CDATA[HADAROM]]>
              </value>
            </param>
            <param index="10">
              <value>
                <![CDATA[12345]]>
              </value>
            </param>
            <param index="11">
              <value>
                <![CDATA[please supply a valid last name]]>
              </value>
            </param>
          </params>
          <reporter-output>
          </reporter-output>
        </test-method> <!-- registerWithLastNameInvalid -->
        <test-method signature="registerWithLastNameInvalid(java.lang.String,java.lang.String,java.lang.String,java.lang.String,java.lang.String,java.lang.String,java.lang.String,java.lang.String,java.lang.String,java.lang.String,java.lang.String,java.lang.String)[pri:0, instance:testSuits.authTestSuit.RegistrationTest@7c1e2a2d]" started-at="2022-08-29T15:26:02 IDT" name="registerWithLastNameInvalid" data-provider="lastname-invalid" finished-at="2022-08-29T15:26:16 IDT" duration-ms="13817" status="PASS">
          <params>
            <param index="0">
              <value>
                <![CDATA[Mrs]]>
              </value>
            </param>
            <param index="1">
              <value>
                <![CDATA[Kate]]>
              </value>
            </param>
            <param index="2">
              <value>
                <![CDATA[11]]>
              </value>
            </param>
            <param index="3">
              <value>
                <![CDATA[kate@gmail.com]]>
              </value>
            </param>
            <param index="4">
              <value>
                <![CDATA[098y76]]>
              </value>
            </param>
            <param index="5">
              <value>
                <![CDATA[123456]]>
              </value>
            </param>
            <param index="6">
              <value>
                <![CDATA[10.0]]>
              </value>
            </param>
            <param index="7">
              <value>
                <![CDATA[str 5]]>
              </value>
            </param>
            <param index="8">
              <value>
                <![CDATA[Lod]]>
              </value>
            </param>
            <param index="9">
              <value>
                <![CDATA[HAMERKAZ]]>
              </value>
            </param>
            <param index="10">
              <value>
                <![CDATA[123456]]>
              </value>
            </param>
            <param index="11">
              <value>
                <![CDATA[please supply a valid last name]]>
              </value>
            </param>
          </params>
          <reporter-output>
          </reporter-output>
        </test-method> <!-- registerWithLastNameInvalid -->
        <test-method signature="registerWithLastNameInvalid(java.lang.String,java.lang.String,java.lang.String,java.lang.String,java.lang.String,java.lang.String,java.lang.String,java.lang.String,java.lang.String,java.lang.String,java.lang.String,java.lang.String)[pri:0, instance:testSuits.authTestSuit.RegistrationTest@7c1e2a2d]" started-at="2022-08-29T15:26:16 IDT" name="registerWithLastNameInvalid" data-provider="lastname-invalid" finished-at="2022-08-29T15:26:28 IDT" duration-ms="12449" status="PASS">
          <params>
            <param index="0">
              <value>
                <![CDATA[Miss]]>
              </value>
            </param>
            <param index="1">
              <value>
                <![CDATA[Lea]]>
              </value>
            </param>
            <param index="2">
              <value>
                <![CDATA[f@]]>
              </value>
            </param>
            <param index="3">
              <value>
                <![CDATA[leajobs@gmail.com]]>
              </value>
            </param>
            <param index="4">
              <value>
                <![CDATA[p123456]]>
              </value>
            </param>
            <param index="5">
              <value>
                <![CDATA[543216]]>
              </value>
            </param>
            <param index="6">
              <value>
                <![CDATA[58.0]]>
              </value>
            </param>
            <param index="7">
              <value>
                <![CDATA[str 10]]>
              </value>
            </param>
            <param index="8">
              <value>
                <![CDATA[Tel-Aviv]]>
              </value>
            </param>
            <param index="9">
              <value>
                <![CDATA[TEL-AVIV]]>
              </value>
            </param>
            <param index="10">
              <value>
                <![CDATA[54321]]>
              </value>
            </param>
            <param index="11">
              <value>
                <![CDATA[please supply a valid last name]]>
              </value>
            </param>
          </params>
          <reporter-output>
          </reporter-output>
        </test-method> <!-- registerWithLastNameInvalid -->
        <test-method signature="registerWithLastNameInvalid(java.lang.String,java.lang.String,java.lang.String,java.lang.String,java.lang.String,java.lang.String,java.lang.String,java.lang.String,java.lang.String,java.lang.String,java.lang.String,java.lang.String)[pri:0, instance:testSuits.authTestSuit.RegistrationTest@7c1e2a2d]" started-at="2022-08-29T15:26:28 IDT" name="registerWithLastNameInvalid" data-provider="lastname-invalid" finished-at="2022-08-29T15:26:40 IDT" duration-ms="12035" status="PASS">
          <params>
            <param index="0">
              <value>
                <![CDATA[Ms]]>
              </value>
            </param>
            <param index="1">
              <value>
                <![CDATA[Nik]]>
              </value>
            </param>
            <param index="2">
              <value>
                <![CDATA[N]]>
              </value>
            </param>
            <param index="3">
              <value>
                <![CDATA[nik@gmail.com]]>
              </value>
            </param>
            <param index="4">
              <value>
                <![CDATA[gh34km]]>
              </value>
            </param>
            <param index="5">
              <value>
                <![CDATA[12345678]]>
              </value>
            </param>
            <param index="6">
              <value>
                <![CDATA[1005.0]]>
              </value>
            </param>
            <param index="7">
              <value>
                <![CDATA[str str]]>
              </value>
            </param>
            <param index="8">
              <value>
                <![CDATA[Jerusalem]]>
              </value>
            </param>
            <param index="9">
              <value>
                <![CDATA[YERUSHALAYIM]]>
              </value>
            </param>
            <param index="10">
              <value>
                <![CDATA[123456]]>
              </value>
            </param>
            <param index="11">
              <value>
                <![CDATA[please supply a valid last name]]>
              </value>
            </param>
          </params>
          <reporter-output>
          </reporter-output>
        </test-method> <!-- registerWithLastNameInvalid -->
        <test-method signature="registerWithPasswordInvalid(java.lang.String,java.lang.String,java.lang.String,java.lang.String,java.lang.String,java.lang.String,java.lang.String,java.lang.String,java.lang.String,java.lang.String,java.lang.String,java.lang.String)[pri:0, instance:testSuits.authTestSuit.RegistrationTest@7c1e2a2d]" started-at="2022-08-29T15:26:41 IDT" name="registerWithPasswordInvalid" data-provider="password-invalid" finished-at="2022-08-29T15:26:53 IDT" duration-ms="12218" status="PASS">
          <params>
            <param index="0">
              <value>
                <![CDATA[Mr]]>
              </value>
            </param>
            <param index="1">
              <value>
                <![CDATA[John]]>
              </value>
            </param>
            <param index="2">
              <value>
                <![CDATA[Doe]]>
              </value>
            </param>
            <param index="3">
              <value>
                <![CDATA[john@gmail.com]]>
              </value>
            </param>
            <param index="4">
              <value>
                <![CDATA[123456.0]]>
              </value>
            </param>
            <param index="5">
              <value>
                <![CDATA[123459]]>
              </value>
            </param>
            <param index="6">
              <value>
                <![CDATA[5.0]]>
              </value>
            </param>
            <param index="7">
              <value>
                <![CDATA[str]]>
              </value>
            </param>
            <param index="8">
              <value>
                <![CDATA[Beer Sheva]]>
              </value>
            </param>
            <param index="9">
              <value>
                <![CDATA[HADAROM]]>
              </value>
            </param>
            <param index="10">
              <value>
                <![CDATA[12345]]>
              </value>
            </param>
            <param index="11">
              <value>
                <![CDATA[your password needs to contain both numbers and letters and be 6-12 characters long.]]>
              </value>
            </param>
          </params>
          <reporter-output>
          </reporter-output>
        </test-method> <!-- registerWithPasswordInvalid -->
        <test-method signature="registerWithPasswordInvalid(java.lang.String,java.lang.String,java.lang.String,java.lang.String,java.lang.String,java.lang.String,java.lang.String,java.lang.String,java.lang.String,java.lang.String,java.lang.String,java.lang.String)[pri:0, instance:testSuits.authTestSuit.RegistrationTest@7c1e2a2d]" started-at="2022-08-29T15:26:53 IDT" name="registerWithPasswordInvalid" data-provider="password-invalid" finished-at="2022-08-29T15:27:05 IDT" duration-ms="11756" status="PASS">
          <params>
            <param index="0">
              <value>
                <![CDATA[Mrs]]>
              </value>
            </param>
            <param index="1">
              <value>
                <![CDATA[Kate]]>
              </value>
            </param>
            <param index="2">
              <value>
                <![CDATA[Smit]]>
              </value>
            </param>
            <param index="3">
              <value>
                <![CDATA[kate@gmail.com]]>
              </value>
            </param>
            <param index="4">
              <value>
                <![CDATA[abcdefg]]>
              </value>
            </param>
            <param index="5">
              <value>
                <![CDATA[123456]]>
              </value>
            </param>
            <param index="6">
              <value>
                <![CDATA[10.0]]>
              </value>
            </param>
            <param index="7">
              <value>
                <![CDATA[str 5]]>
              </value>
            </param>
            <param index="8">
              <value>
                <![CDATA[Lod]]>
              </value>
            </param>
            <param index="9">
              <value>
                <![CDATA[HAMERKAZ]]>
              </value>
            </param>
            <param index="10">
              <value>
                <![CDATA[123456]]>
              </value>
            </param>
            <param index="11">
              <value>
                <![CDATA[your password needs to contain both numbers and letters and be 6-12 characters long.]]>
              </value>
            </param>
          </params>
          <reporter-output>
          </reporter-output>
        </test-method> <!-- registerWithPasswordInvalid -->
        <test-method signature="registerWithPasswordInvalid(java.lang.String,java.lang.String,java.lang.String,java.lang.String,java.lang.String,java.lang.String,java.lang.String,java.lang.String,java.lang.String,java.lang.String,java.lang.String,java.lang.String)[pri:0, instance:testSuits.authTestSuit.RegistrationTest@7c1e2a2d]" started-at="2022-08-29T15:27:05 IDT" name="registerWithPasswordInvalid" data-provider="password-invalid" finished-at="2022-08-29T15:27:16 IDT" duration-ms="11670" status="PASS">
          <params>
            <param index="0">
              <value>
                <![CDATA[Miss]]>
              </value>
            </param>
            <param index="1">
              <value>
                <![CDATA[Lea]]>
              </value>
            </param>
            <param index="2">
              <value>
                <![CDATA[Jobs]]>
              </value>
            </param>
            <param index="3">
              <value>
                <![CDATA[leajobs@gmail.com]]>
              </value>
            </param>
            <param index="4">
              <value>
                <![CDATA[12345#]]>
              </value>
            </param>
            <param index="5">
              <value>
                <![CDATA[543216]]>
              </value>
            </param>
            <param index="6">
              <value>
                <![CDATA[58.0]]>
              </value>
            </param>
            <param index="7">
              <value>
                <![CDATA[str 10]]>
              </value>
            </param>
            <param index="8">
              <value>
                <![CDATA[Tel-Aviv]]>
              </value>
            </param>
            <param index="9">
              <value>
                <![CDATA[TEL-AVIV]]>
              </value>
            </param>
            <param index="10">
              <value>
                <![CDATA[54321]]>
              </value>
            </param>
            <param index="11">
              <value>
                <![CDATA[your password needs to contain both numbers and letters and be 6-12 characters long.]]>
              </value>
            </param>
          </params>
          <reporter-output>
          </reporter-output>
        </test-method> <!-- registerWithPasswordInvalid -->
        <test-method signature="registerWithPasswordInvalid(java.lang.String,java.lang.String,java.lang.String,java.lang.String,java.lang.String,java.lang.String,java.lang.String,java.lang.String,java.lang.String,java.lang.String,java.lang.String,java.lang.String)[pri:0, instance:testSuits.authTestSuit.RegistrationTest@7c1e2a2d]" started-at="2022-08-29T15:27:16 IDT" name="registerWithPasswordInvalid" data-provider="password-invalid" finished-at="2022-08-29T15:27:27 IDT" duration-ms="10871" status="PASS">
          <params>
            <param index="0">
              <value>
                <![CDATA[Ms]]>
              </value>
            </param>
            <param index="1">
              <value>
                <![CDATA[Nik]]>
              </value>
            </param>
            <param index="2">
              <value>
                <![CDATA[Sam]]>
              </value>
            </param>
            <param index="3">
              <value>
                <![CDATA[nik@gmail.com]]>
              </value>
            </param>
            <param index="4">
              <value>
                <![CDATA[1111a]]>
              </value>
            </param>
            <param index="5">
              <value>
                <![CDATA[12345678]]>
              </value>
            </param>
            <param index="6">
              <value>
                <![CDATA[1005.0]]>
              </value>
            </param>
            <param index="7">
              <value>
                <![CDATA[str str]]>
              </value>
            </param>
            <param index="8">
              <value>
                <![CDATA[Jerusalem]]>
              </value>
            </param>
            <param index="9">
              <value>
                <![CDATA[YERUSHALAYIM]]>
              </value>
            </param>
            <param index="10">
              <value>
                <![CDATA[123456]]>
              </value>
            </param>
            <param index="11">
              <value>
                <![CDATA[please enter at least 6 characters.]]>
              </value>
            </param>
          </params>
          <reporter-output>
          </reporter-output>
        </test-method> <!-- registerWithPasswordInvalid -->
        <test-method signature="registerWithPhoneNumberInvalid(java.lang.String,java.lang.String,java.lang.String,java.lang.String,java.lang.String,java.lang.String,java.lang.String,java.lang.String,java.lang.String,java.lang.String,java.lang.String,java.lang.String)[pri:0, instance:testSuits.authTestSuit.RegistrationTest@7c1e2a2d]" started-at="2022-08-29T15:27:27 IDT" name="registerWithPhoneNumberInvalid" data-provider="phone-invalid" finished-at="2022-08-29T15:27:38 IDT" duration-ms="10586" status="PASS">
          <params>
            <param index="0">
              <value>
                <![CDATA[Mr]]>
              </value>
            </param>
            <param index="1">
              <value>
                <![CDATA[John]]>
              </value>
            </param>
            <param index="2">
              <value>
                <![CDATA[Doe]]>
              </value>
            </param>
            <param index="3">
              <value>
                <![CDATA[john@gmail.com]]>
              </value>
            </param>
            <param index="4">
              <value>
                <![CDATA[p123456]]>
              </value>
            </param>
            <param index="5">
              <value>
                <![CDATA[12345d]]>
              </value>
            </param>
            <param index="6">
              <value>
                <![CDATA[5.0]]>
              </value>
            </param>
            <param index="7">
              <value>
                <![CDATA[str]]>
              </value>
            </param>
            <param index="8">
              <value>
                <![CDATA[Beer Sheva]]>
              </value>
            </param>
            <param index="9">
              <value>
                <![CDATA[HADAROM]]>
              </value>
            </param>
            <param index="10">
              <value>
                <![CDATA[12345]]>
              </value>
            </param>
            <param index="11">
              <value>
                <![CDATA[please enter a valid contact number.]]>
              </value>
            </param>
          </params>
          <reporter-output>
          </reporter-output>
        </test-method> <!-- registerWithPhoneNumberInvalid -->
        <test-method signature="registerWithPhoneNumberInvalid(java.lang.String,java.lang.String,java.lang.String,java.lang.String,java.lang.String,java.lang.String,java.lang.String,java.lang.String,java.lang.String,java.lang.String,java.lang.String,java.lang.String)[pri:0, instance:testSuits.authTestSuit.RegistrationTest@7c1e2a2d]" started-at="2022-08-29T15:27:38 IDT" name="registerWithPhoneNumberInvalid" data-provider="phone-invalid" finished-at="2022-08-29T15:27:49 IDT" duration-ms="11166" status="PASS">
          <params>
            <param index="0">
              <value>
                <![CDATA[Mrs]]>
              </value>
            </param>
            <param index="1">
              <value>
                <![CDATA[Kate]]>
              </value>
            </param>
            <param index="2">
              <value>
                <![CDATA[Smit]]>
              </value>
            </param>
            <param index="3">
              <value>
                <![CDATA[kate@gmail.com]]>
              </value>
            </param>
            <param index="4">
              <value>
                <![CDATA[098y76]]>
              </value>
            </param>
            <param index="5">
              <value>
                <![CDATA[aaaaaa]]>
              </value>
            </param>
            <param index="6">
              <value>
                <![CDATA[10.0]]>
              </value>
            </param>
            <param index="7">
              <value>
                <![CDATA[str 5]]>
              </value>
            </param>
            <param index="8">
              <value>
                <![CDATA[Lod]]>
              </value>
            </param>
            <param index="9">
              <value>
                <![CDATA[HAMERKAZ]]>
              </value>
            </param>
            <param index="10">
              <value>
                <![CDATA[123456]]>
              </value>
            </param>
            <param index="11">
              <value>
                <![CDATA[please enter a valid contact number.]]>
              </value>
            </param>
          </params>
          <reporter-output>
          </reporter-output>
        </test-method> <!-- registerWithPhoneNumberInvalid -->
        <test-method signature="registerWithPhoneNumberInvalid(java.lang.String,java.lang.String,java.lang.String,java.lang.String,java.lang.String,java.lang.String,java.lang.String,java.lang.String,java.lang.String,java.lang.String,java.lang.String,java.lang.String)[pri:0, instance:testSuits.authTestSuit.RegistrationTest@7c1e2a2d]" started-at="2022-08-29T15:27:49 IDT" name="registerWithPhoneNumberInvalid" data-provider="phone-invalid" finished-at="2022-08-29T15:27:59 IDT" duration-ms="10244" status="PASS">
          <params>
            <param index="0">
              <value>
                <![CDATA[Miss]]>
              </value>
            </param>
            <param index="1">
              <value>
                <![CDATA[Lea]]>
              </value>
            </param>
            <param index="2">
              <value>
                <![CDATA[Jobs]]>
              </value>
            </param>
            <param index="3">
              <value>
                <![CDATA[leajobs@gmail.com]]>
              </value>
            </param>
            <param index="4">
              <value>
                <![CDATA[p123456]]>
              </value>
            </param>
            <param index="5">
              <value>
                <![CDATA[12345!]]>
              </value>
            </param>
            <param index="6">
              <value>
                <![CDATA[58.0]]>
              </value>
            </param>
            <param index="7">
              <value>
                <![CDATA[str 10]]>
              </value>
            </param>
            <param index="8">
              <value>
                <![CDATA[Tel-Aviv]]>
              </value>
            </param>
            <param index="9">
              <value>
                <![CDATA[TEL-AVIV]]>
              </value>
            </param>
            <param index="10">
              <value>
                <![CDATA[54321]]>
              </value>
            </param>
            <param index="11">
              <value>
                <![CDATA[please enter a valid contact number.]]>
              </value>
            </param>
          </params>
          <reporter-output>
          </reporter-output>
        </test-method> <!-- registerWithPhoneNumberInvalid -->
        <test-method signature="registerWithPhoneNumberInvalid(java.lang.String,java.lang.String,java.lang.String,java.lang.String,java.lang.String,java.lang.String,java.lang.String,java.lang.String,java.lang.String,java.lang.String,java.lang.String,java.lang.String)[pri:0, instance:testSuits.authTestSuit.RegistrationTest@7c1e2a2d]" started-at="2022-08-29T15:27:59 IDT" name="registerWithPhoneNumberInvalid" data-provider="phone-invalid" finished-at="2022-08-29T15:28:10 IDT" duration-ms="10342" status="PASS">
          <params>
            <param index="0">
              <value>
                <![CDATA[Ms]]>
              </value>
            </param>
            <param index="1">
              <value>
                <![CDATA[Nik]]>
              </value>
            </param>
            <param index="2">
              <value>
                <![CDATA[Sam]]>
              </value>
            </param>
            <param index="3">
              <value>
                <![CDATA[nik@gmail.com]]>
              </value>
            </param>
            <param index="4">
              <value>
                <![CDATA[gh34km]]>
              </value>
            </param>
            <param index="5">
              <value>
                <![CDATA[1234]]>
              </value>
            </param>
            <param index="6">
              <value>
                <![CDATA[1005.0]]>
              </value>
            </param>
            <param index="7">
              <value>
                <![CDATA[str str]]>
              </value>
            </param>
            <param index="8">
              <value>
                <![CDATA[Jerusalem]]>
              </value>
            </param>
            <param index="9">
              <value>
                <![CDATA[YERUSHALAYIM]]>
              </value>
            </param>
            <param index="10">
              <value>
                <![CDATA[123456]]>
              </value>
            </param>
            <param index="11">
              <value>
                <![CDATA[length must be more than 6 and less than 15 digits]]>
              </value>
            </param>
          </params>
          <reporter-output>
          </reporter-output>
        </test-method> <!-- registerWithPhoneNumberInvalid -->
        <test-method signature="registerWithValidData(java.lang.String,java.lang.String,java.lang.String,java.lang.String,java.lang.String,java.lang.String,java.lang.String,java.lang.String,java.lang.String,java.lang.String,java.lang.String,java.lang.String)[pri:0, instance:testSuits.authTestSuit.RegistrationTest@7c1e2a2d]" started-at="2022-08-29T15:28:10 IDT" name="registerWithValidData" data-provider="valid-data" finished-at="2022-08-29T15:28:20 IDT" duration-ms="9789" status="PASS">
          <params>
            <param index="0">
              <value>
                <![CDATA[Mr]]>
              </value>
            </param>
            <param index="1">
              <value>
                <![CDATA[John]]>
              </value>
            </param>
            <param index="2">
              <value>
                <![CDATA[Doe]]>
              </value>
            </param>
            <param index="3">
              <value>
                <![CDATA[john@gmail.com]]>
              </value>
            </param>
            <param index="4">
              <value>
                <![CDATA[p123456]]>
              </value>
            </param>
            <param index="5">
              <value>
                <![CDATA[123459]]>
              </value>
            </param>
            <param index="6">
              <value>
                <![CDATA[5.0]]>
              </value>
            </param>
            <param index="7">
              <value>
                <![CDATA[str]]>
              </value>
            </param>
            <param index="8">
              <value>
                <![CDATA[Beer Sheva]]>
              </value>
            </param>
            <param index="9">
              <value>
                <![CDATA[HADAROM]]>
              </value>
            </param>
            <param index="10">
              <value>
                <![CDATA[12345]]>
              </value>
            </param>
            <param index="11">
              <value>
                <![CDATA[continue shopping]]>
              </value>
            </param>
          </params>
          <reporter-output>
          </reporter-output>
        </test-method> <!-- registerWithValidData -->
        <test-method signature="registerWithValidData(java.lang.String,java.lang.String,java.lang.String,java.lang.String,java.lang.String,java.lang.String,java.lang.String,java.lang.String,java.lang.String,java.lang.String,java.lang.String,java.lang.String)[pri:0, instance:testSuits.authTestSuit.RegistrationTest@7c1e2a2d]" started-at="2022-08-29T15:28:20 IDT" name="registerWithValidData" data-provider="valid-data" finished-at="2022-08-29T15:28:29 IDT" duration-ms="9432" status="PASS">
          <params>
            <param index="0">
              <value>
                <![CDATA[Mrs]]>
              </value>
            </param>
            <param index="1">
              <value>
                <![CDATA[Kate]]>
              </value>
            </param>
            <param index="2">
              <value>
                <![CDATA[Smit]]>
              </value>
            </param>
            <param index="3">
              <value>
                <![CDATA[kate@gmail.com]]>
              </value>
            </param>
            <param index="4">
              <value>
                <![CDATA[098y76]]>
              </value>
            </param>
            <param index="5">
              <value>
                <![CDATA[123456]]>
              </value>
            </param>
            <param index="6">
              <value>
                <![CDATA[10.0]]>
              </value>
            </param>
            <param index="7">
              <value>
                <![CDATA[str 5]]>
              </value>
            </param>
            <param index="8">
              <value>
                <![CDATA[Lod]]>
              </value>
            </param>
            <param index="9">
              <value>
                <![CDATA[HAMERKAZ]]>
              </value>
            </param>
            <param index="10">
              <value>
                <![CDATA[123456]]>
              </value>
            </param>
            <param index="11">
              <value>
                <![CDATA[continue shopping]]>
              </value>
            </param>
          </params>
          <reporter-output>
          </reporter-output>
        </test-method> <!-- registerWithValidData -->
        <test-method signature="registerWithValidData(java.lang.String,java.lang.String,java.lang.String,java.lang.String,java.lang.String,java.lang.String,java.lang.String,java.lang.String,java.lang.String,java.lang.String,java.lang.String,java.lang.String)[pri:0, instance:testSuits.authTestSuit.RegistrationTest@7c1e2a2d]" started-at="2022-08-29T15:28:29 IDT" name="registerWithValidData" data-provider="valid-data" finished-at="2022-08-29T15:28:41 IDT" duration-ms="11616" status="PASS">
          <params>
            <param index="0">
              <value>
                <![CDATA[Miss]]>
              </value>
            </param>
            <param index="1">
              <value>
                <![CDATA[Lea]]>
              </value>
            </param>
            <param index="2">
              <value>
                <![CDATA[Jobs]]>
              </value>
            </param>
            <param index="3">
              <value>
                <![CDATA[leajobs@gmail.com]]>
              </value>
            </param>
            <param index="4">
              <value>
                <![CDATA[p123456]]>
              </value>
            </param>
            <param index="5">
              <value>
                <![CDATA[543216]]>
              </value>
            </param>
            <param index="6">
              <value>
                <![CDATA[58.0]]>
              </value>
            </param>
            <param index="7">
              <value>
                <![CDATA[str 10]]>
              </value>
            </param>
            <param index="8">
              <value>
                <![CDATA[Tel-Aviv]]>
              </value>
            </param>
            <param index="9">
              <value>
                <![CDATA[TEL-AVIV]]>
              </value>
            </param>
            <param index="10">
              <value>
                <![CDATA[54321]]>
              </value>
            </param>
            <param index="11">
              <value>
                <![CDATA[continue shopping]]>
              </value>
            </param>
          </params>
          <reporter-output>
          </reporter-output>
        </test-method> <!-- registerWithValidData -->
        <test-method signature="registerWithValidData(java.lang.String,java.lang.String,java.lang.String,java.lang.String,java.lang.String,java.lang.String,java.lang.String,java.lang.String,java.lang.String,java.lang.String,java.lang.String,java.lang.String)[pri:0, instance:testSuits.authTestSuit.RegistrationTest@7c1e2a2d]" started-at="2022-08-29T15:28:41 IDT" name="registerWithValidData" data-provider="valid-data" finished-at="2022-08-29T15:28:51 IDT" duration-ms="10008" status="PASS">
          <params>
            <param index="0">
              <value>
                <![CDATA[Ms]]>
              </value>
            </param>
            <param index="1">
              <value>
                <![CDATA[Nik]]>
              </value>
            </param>
            <param index="2">
              <value>
                <![CDATA[Sam]]>
              </value>
            </param>
            <param index="3">
              <value>
                <![CDATA[nik@gmail.com]]>
              </value>
            </param>
            <param index="4">
              <value>
                <![CDATA[gh34km]]>
              </value>
            </param>
            <param index="5">
              <value>
                <![CDATA[12345678]]>
              </value>
            </param>
            <param index="6">
              <value>
                <![CDATA[1005.0]]>
              </value>
            </param>
            <param index="7">
              <value>
                <![CDATA[str str]]>
              </value>
            </param>
            <param index="8">
              <value>
                <![CDATA[Jerusalem]]>
              </value>
            </param>
            <param index="9">
              <value>
                <![CDATA[YERUSHALAYIM]]>
              </value>
            </param>
            <param index="10">
              <value>
                <![CDATA[123456]]>
              </value>
            </param>
            <param index="11">
              <value>
                <![CDATA[continue shopping]]>
              </value>
            </param>
          </params>
          <reporter-output>
          </reporter-output>
        </test-method> <!-- registerWithValidData -->
        <test-method is-config="true" signature="tearDown()[pri:0, instance:testSuits.authTestSuit.RegistrationTest@7c1e2a2d]" started-at="2022-08-29T15:28:51 IDT" name="tearDown" finished-at="2022-08-29T15:28:52 IDT" duration-ms="1245" status="PASS">
          <reporter-output>
          </reporter-output>
        </test-method> <!-- tearDown -->
      </class> <!-- testSuits.authTestSuit.RegistrationTest -->
    </test> <!-- Command line test -->
  </suite> <!-- Command line suite -->
</testng-results>
